<?xml version="1.0" encoding="UTF-8"?>
<!-- Generated by org.testng.reporters.JUnitReportReporter -->
<testsuite skipped="0" hostname="DESKTOP-AAPC1F3" name="tests.AddLibraryTest" tests="1" failures="0" timestamp="27 Jul 2021 16:12:55 GMT" time="34.546" errors="0">
  <testcase name="userCanAddLibrary" time="34.546" classname="tests.AddLibraryTest"/>
</testsuite> <!-- tests.AddLibraryTest -->
